Determining if the pthread_create exist failed with the following output:
Change Dir: /home/thor/Dropbox/DTU_5_sem/Ros/masterTank/build_isolated/navfn/CMakeFiles/CMakeTmp

Run Build Command:"/usr/bin/make" "cmTC_eb1df/fast"
/usr/bin/make -f CMakeFiles/cmTC_eb1df.dir/build.make CMakeFiles/cmTC_eb1df.dir/build
make[1]: Entering directory '/home/thor/Dropbox/DTU_5_sem/Ros/masterTank/build_isolated/navfn/CMakeFiles/CMakeTmp'
Building C object CMakeFiles/cmTC_eb1df.dir/CheckSymbolExists.c.o
/usr/bin/cc     -o CMakeFiles/cmTC_eb1df.dir/CheckSymbolExists.c.o   -c /home/thor/Dropbox/DTU_5_sem/Ros/masterTank/build_isolated/navfn/CMakeFiles/CMakeTmp/CheckSymbolExists.c
Linking C executable cmTC_eb1df
/usr/bin/cmake -E cmake_link_script CMakeFiles/cmTC_eb1df.dir/link.txt --verbose=1
/usr/bin/cc       CMakeFiles/cmTC_eb1df.dir/CheckSymbolExists.c.o  -o cmTC_eb1df -rdynamic 
CMakeFiles/cmTC_eb1df.dir/CheckSymbolExists.c.o: In function `main':
CheckSymbolExists.c:(.text+0x16): undefined reference to `pthread_create'
collect2: error: ld returned 1 exit status
CMakeFiles/cmTC_eb1df.dir/build.make:97: recipe for target 'cmTC_eb1df' failed
make[1]: *** [cmTC_eb1df] Error 1
make[1]: Leaving directory '/home/thor/Dropbox/DTU_5_sem/Ros/masterTank/build_isolated/navfn/CMakeFiles/CMakeTmp'
Makefile:126: recipe for target 'cmTC_eb1df/fast' failed
make: *** [cmTC_eb1df/fast] Error 2

File /home/thor/Dropbox/DTU_5_sem/Ros/masterTank/build_isolated/navfn/CMakeFiles/CMakeTmp/CheckSymbolExists.c:
/* */
#include <pthread.h>

int main(int argc, char** argv)
{
  (void)argv;
#ifndef pthread_create
  return ((int*)(&pthread_create))[argc];
#else
  (void)argc;
  return 0;
#endif
}

Determining if the function pthread_create exists in the pthreads failed with the following output:
Change Dir: /home/thor/Dropbox/DTU_5_sem/Ros/masterTank/build_isolated/navfn/CMakeFiles/CMakeTmp

Run Build Command:"/usr/bin/make" "cmTC_f09f2/fast"
/usr/bin/make -f CMakeFiles/cmTC_f09f2.dir/build.make CMakeFiles/cmTC_f09f2.dir/build
make[1]: Entering directory '/home/thor/Dropbox/DTU_5_sem/Ros/masterTank/build_isolated/navfn/CMakeFiles/CMakeTmp'
Building C object CMakeFiles/cmTC_f09f2.dir/CheckFunctionExists.c.o
/usr/bin/cc    -DCHECK_FUNCTION_EXISTS=pthread_create   -o CMakeFiles/cmTC_f09f2.dir/CheckFunctionExists.c.o   -c /usr/share/cmake-3.5/Modules/CheckFunctionExists.c
Linking C executable cmTC_f09f2
/usr/bin/cmake -E cmake_link_script CMakeFiles/cmTC_f09f2.dir/link.txt --verbose=1
/usr/bin/cc   -DCHECK_FUNCTION_EXISTS=pthread_create    CMakeFiles/cmTC_f09f2.dir/CheckFunctionExists.c.o  -o cmTC_f09f2 -rdynamic -lpthreads 
/usr/bin/ld: cannot find -lpthreads
collect2: error: ld returned 1 exit status
CMakeFiles/cmTC_f09f2.dir/build.make:97: recipe for target 'cmTC_f09f2' failed
make[1]: *** [cmTC_f09f2] Error 1
make[1]: Leaving directory '/home/thor/Dropbox/DTU_5_sem/Ros/masterTank/build_isolated/navfn/CMakeFiles/CMakeTmp'
Makefile:126: recipe for target 'cmTC_f09f2/fast' failed
make: *** [cmTC_f09f2/fast] Error 2


Determining if the include file pgm.h exists failed with the following output:
Change Dir: /home/thor/Dropbox/DTU_5_sem/Ros/masterTank/build_isolated/navfn/CMakeFiles/CMakeTmp

Run Build Command:"/usr/bin/make" "cmTC_0b083/fast"
/usr/bin/make -f CMakeFiles/cmTC_0b083.dir/build.make CMakeFiles/cmTC_0b083.dir/build
make[1]: Entering directory '/home/thor/Dropbox/DTU_5_sem/Ros/masterTank/build_isolated/navfn/CMakeFiles/CMakeTmp'
Building CXX object CMakeFiles/cmTC_0b083.dir/CheckIncludeFile.cxx.o
/usr/bin/c++      -o CMakeFiles/cmTC_0b083.dir/CheckIncludeFile.cxx.o -c /home/thor/Dropbox/DTU_5_sem/Ros/masterTank/build_isolated/navfn/CMakeFiles/CMakeTmp/CheckIncludeFile.cxx
/home/thor/Dropbox/DTU_5_sem/Ros/masterTank/build_isolated/navfn/CMakeFiles/CMakeTmp/CheckIncludeFile.cxx:1:17: fatal error: pgm.h: No such file or directory
compilation terminated.
CMakeFiles/cmTC_0b083.dir/build.make:65: recipe for target 'CMakeFiles/cmTC_0b083.dir/CheckIncludeFile.cxx.o' failed
make[1]: *** [CMakeFiles/cmTC_0b083.dir/CheckIncludeFile.cxx.o] Error 1
make[1]: Leaving directory '/home/thor/Dropbox/DTU_5_sem/Ros/masterTank/build_isolated/navfn/CMakeFiles/CMakeTmp'
Makefile:126: recipe for target 'cmTC_0b083/fast' failed
make: *** [cmTC_0b083/fast] Error 2


